<?xml version="1.0" encoding="UTF-8"?>
<!-- Generated by org.testng.reporters.JUnitReportReporter -->
<testsuite hostname="DESKTOP-M10IA97" name="selenium.maven.demo.facebook" tests="1" failures="0" timestamp="16 Jul 2018 03:52:24 GMT" time="16.988" errors="0">
  <testcase name="TestFireFox" time="16.988" classname="selenium.maven.demo.facebook"/>
</testsuite>
